<?xml version="1.0" encoding="UTF-8"?>
<!-- Generated by org.testng.reporters.JUnitReportReporter -->
<testsuite skipped="0" hostname="LAPTOP-0S9QSD09" name="tests.LoginApplication" tests="3" failures="0" timestamp="22 Jan 2019 23:09:59 GMT" time="21.530" errors="0">
  <testcase name="loginAppln" time="9.644" classname="tests.LoginApplication"/>
  <testcase name="selectPassengers" time="4.088" classname="tests.LoginApplication"/>
  <testcase name="flightBooking" time="7.798" classname="tests.LoginApplication"/>
</testsuite> <!-- tests.LoginApplication -->
